Build started at 2025-08-29T20:38:52.334599
Main binary: /usr/bin/python3
Build Options: -Dprefix=/home/pi/camera_ws/install/libcamera -Dlibdir=lib -Dbuildtype=release
Python system: Linux
The Meson build system
Version: 1.3.2
Source dir: /home/pi/camera_ws/src/libcamera
Build dir: /home/pi/camera_ws/build/libcamera
Build type: native build
Project name: libcamera
Project version: 0.5.1
C compiler for the host machine: cc (gcc 13.3.0 "cc (Ubuntu 13.3.0-6ubuntu2~24.04) 13.3.0")
C linker for the host machine: cc ld.bfd 2.42
-----------
Detecting archiver via: `gcc-ar --version` -> 0
stdout:
GNU ar (GNU Binutils for Ubuntu) 2.42
Copyright (C) 2024 Free Software Foundation, Inc.
This program is free software; you may redistribute it under the terms of
the GNU General Public License version 3 or (at your option) any later version.
This program has absolutely no warranty.
-----------
C++ compiler for the host machine: c++ (gcc 13.3.0 "c++ (Ubuntu 13.3.0-6ubuntu2~24.04) 13.3.0")
C++ linker for the host machine: c++ ld.bfd 2.42
C compiler for the build machine: cc (gcc 13.3.0 "cc (Ubuntu 13.3.0-6ubuntu2~24.04) 13.3.0")
C linker for the build machine: cc ld.bfd 2.42
-----------
Detecting archiver via: `gcc-ar --version` -> 0
stdout:
GNU ar (GNU Binutils for Ubuntu) 2.42
Copyright (C) 2024 Free Software Foundation, Inc.
This program is free software; you may redistribute it under the terms of
the GNU General Public License version 3 or (at your option) any later version.
This program has absolutely no warranty.
-----------
C++ compiler for the build machine: c++ (gcc 13.3.0 "c++ (Ubuntu 13.3.0-6ubuntu2~24.04) 13.3.0")
C++ linker for the build machine: c++ ld.bfd 2.42
Build machine cpu family: aarch64
Build machine cpu: aarch64
Host machine cpu family: aarch64
Host machine cpu: aarch64
Target machine cpu family: aarch64
Target machine cpu: aarch64
Running command: /home/pi/camera_ws/src/libcamera/utils/gen-version.sh /home/pi/camera_ws/build/libcamera /home/pi/camera_ws/src/libcamera
--- stdout ---
0.5.1+100-e53bdf1f

--- stderr ---


Using cached compile:
Cached command line:  cc /home/pi/camera_ws/build/libcamera/meson-private/tmper2ta9iz/testfile.c -o /home/pi/camera_ws/build/libcamera/meson-private/tmper2ta9iz/output.obj -c -D_FILE_OFFSET_BITS=64 -O0 

Code:
 #define _GNU_SOURCE
        #include <fcntl.h>
        int main(void) {
            /* If it's not defined as a macro, try to use as a symbol */
            #ifndef F_ADD_SEALS
                F_ADD_SEALS;
            #endif
            return 0;
        }
Cached compiler stdout:
 
Cached compiler stderr:
 
Header "fcntl.h" has symbol "F_ADD_SEALS" : YES (cached)
Using cached compile:
Cached command line:  cc /home/pi/camera_ws/build/libcamera/meson-private/tmply3ckdg0/testfile.c -o /home/pi/camera_ws/build/libcamera/meson-private/tmply3ckdg0/output.obj -c -D_FILE_OFFSET_BITS=64 -O0 

Code:
 
        #include <unistd.h>
        int main(void) {
            /* If it's not defined as a macro, try to use as a symbol */
            #ifndef issetugid
                issetugid;
            #endif
            return 0;
        }
Cached compiler stdout:
 
Cached compiler stderr:
 /home/pi/camera_ws/build/libcamera/meson-private/tmply3ckdg0/testfile.c: In function 'main':
/home/pi/camera_ws/build/libcamera/meson-private/tmply3ckdg0/testfile.c:6:17: error: 'issetugid' undeclared (first use in this function); did you mean 'setegid'?
    6 |                 issetugid;
      |                 ^~~~~~~~~
      |                 setegid
/home/pi/camera_ws/build/libcamera/meson-private/tmply3ckdg0/testfile.c:6:17: note: each undeclared identifier is reported only once for each function it appears in

Header "unistd.h" has symbol "issetugid" : NO (cached)
Using cached compile:
Cached command line:  cc /home/pi/camera_ws/build/libcamera/meson-private/tmp8x397t2n/testfile.c -o /home/pi/camera_ws/build/libcamera/meson-private/tmp8x397t2n/output.obj -c -D_FILE_OFFSET_BITS=64 -O0 

Code:
 #define _GNU_SOURCE
        #include <locale.h>
        int main(void) {
            /* If it's not defined as a macro, try to use as a symbol */
            #ifndef locale_t
                locale_t;
            #endif
            return 0;
        }
Cached compiler stdout:
 
Cached compiler stderr:
 /home/pi/camera_ws/build/libcamera/meson-private/tmp8x397t2n/testfile.c: In function 'main':
/home/pi/camera_ws/build/libcamera/meson-private/tmp8x397t2n/testfile.c:6:17: warning: useless type name in empty declaration
    6 |                 locale_t;
      |                 ^~~~~~~~

Header "locale.h" has symbol "locale_t" : YES (cached)
Using cached compile:
Cached command line:  cc /home/pi/camera_ws/build/libcamera/meson-private/tmpalt3o4mk/testfile.c -o /home/pi/camera_ws/build/libcamera/meson-private/tmpalt3o4mk/output.obj -c -D_FILE_OFFSET_BITS=64 -O0 

Code:
 #define _GNU_SOURCE
        #include <sys/mman.h>
        int main(void) {
            /* If it's not defined as a macro, try to use as a symbol */
            #ifndef memfd_create
                memfd_create;
            #endif
            return 0;
        }
Cached compiler stdout:
 
Cached compiler stderr:
 
Header "sys/mman.h" has symbol "memfd_create" : YES (cached)
Using cached compile:
Cached command line:  cc /home/pi/camera_ws/build/libcamera/meson-private/tmpjru__vxm/testfile.c -o /home/pi/camera_ws/build/libcamera/meson-private/tmpjru__vxm/output.obj -c -D_FILE_OFFSET_BITS=64 -O0 

Code:
 
#include <sys/ioctl.h>
int ioctl (int, int, ...);

Cached compiler stdout:
 
Cached compiler stderr:
 /home/pi/camera_ws/build/libcamera/meson-private/tmpjru__vxm/testfile.c:3:5: error: conflicting types for 'ioctl'; have 'int(int,  int, ...)'
    3 | int ioctl (int, int, ...);
      |     ^~~~~
In file included from /home/pi/camera_ws/build/libcamera/meson-private/tmpjru__vxm/testfile.c:2:
/usr/include/aarch64-linux-gnu/sys/ioctl.h:42:12: note: previous declaration of 'ioctl' with type 'int(int,  long unsigned int, ...)'
   42 | extern int ioctl (int __fd, unsigned long int __request, ...) __THROW;
      |            ^~~~~

Using cached compile:
Cached command line:  cc /home/pi/camera_ws/build/libcamera/meson-private/tmpeag91dnx/testfile.c -o /home/pi/camera_ws/build/libcamera/meson-private/tmpeag91dnx/output.obj -c -D_FILE_OFFSET_BITS=64 -O0 

Code:
 #define _GNU_SOURCE
        #include <stdlib.h>
        int main(void) {
            /* If it's not defined as a macro, try to use as a symbol */
            #ifndef secure_getenv
                secure_getenv;
            #endif
            return 0;
        }
Cached compiler stdout:
 
Cached compiler stderr:
 
Header "stdlib.h" has symbol "secure_getenv" : YES (cached)
Using cached compile:
Cached command line:  cc /home/pi/camera_ws/build/libcamera/meson-private/tmp9ff_8vt7/testfile.c -o /home/pi/camera_ws/build/libcamera/meson-private/tmp9ff_8vt7/output.obj -c -D_FILE_OFFSET_BITS=64 -O0 -Wc99-designator -Wno-c99-designator 

Code:
 extern int i;
int i;

Cached compiler stdout:
 
Cached compiler stderr:
 cc: error: unrecognized command-line option '-Wc99-designator'

Compiler for C supports arguments -Wno-c99-designator: NO (cached)
Dependency lttng-ust found: YES 2.13.7 (cached)
Program ./parser.py found: YES (/home/pi/camera_ws/src/libcamera/utils/codegen/ipc/./parser.py)
Program ./generate.py found: YES (/home/pi/camera_ws/src/libcamera/utils/codegen/ipc/./generate.py)
Program ./extract-docs.py found: YES (/home/pi/camera_ws/src/libcamera/utils/codegen/ipc/./extract-docs.py)
Configuring version.h using configuration
Program openssl found: YES (/usr/bin/openssl)
Pkg-config binary missing from cross or native file, or env var undefined.
Trying a default Pkg-config fallback at pkg-config
Found pkg-config: YES (/usr/bin/pkg-config) 1.8.1
Determining dependency 'libyuv' with pkg-config executable '/usr/bin/pkg-config'
env[PKG_CONFIG_PATH]: 
env[PKG_CONFIG]: /usr/bin/pkg-config
-----------
Called: `/usr/bin/pkg-config --modversion libyuv` -> 1
stderr:
Package libyuv was not found in the pkg-config search path.
Perhaps you should add the directory containing `libyuv.pc'
to the PKG_CONFIG_PATH environment variable
Package 'libyuv', required by 'virtual:world', not found
-----------
CMake binary for host machine is not cached
CMake binary missing from cross or native file, or env var undefined.
Trying a default CMake fallback at cmake
Found CMake: /usr/bin/cmake (3.28.3)
Extracting basic cmake information
Try CMake generator: auto
Calling CMake (['/usr/bin/cmake']) in /home/pi/camera_ws/build/libcamera/meson-private/cmake_libyuv with:
  - "--trace-expand"
  - "--trace-format=json-v1"
  - "--no-warn-unused-cli"
  - "--trace-redirect=cmake_trace.txt"
  - "-DCMAKE_TOOLCHAIN_FILE=/home/pi/camera_ws/build/libcamera/meson-private/cmake_libyuv/CMakeMesonToolchainFile.cmake"
  - "."
  - "-DCMAKE_PREFIX_PATH=/opt/ros/jazzy/opt/gz_math_vendor;/opt/ros/jazzy/opt/gz_utils_vendor;/opt/ros/jazzy/opt/gz_cmake_vendor"
  -- Module search paths:    ['/', '/home/pi/camera_ws/install/camera_ros', '/opt', '/opt/ros/jazzy/opt/gz_cmake_vendor', '/opt/ros/jazzy/opt/gz_math_vendor', '/opt/ros/jazzy/opt/gz_utils_vendor', '/usr', '/usr/local']
  -- CMake root:             /usr/share/cmake-3.28
  -- CMake architectures:    ['aarch64-linux-gnu']
  -- CMake lib search paths: ['lib', 'lib32', 'lib64', 'libx32', 'share', '', 'lib/aarch64-linux-gnu']
Preliminary CMake check failed. Aborting.
Run-time dependency libyuv found: NO (tried pkgconfig and cmake)
Running compile:
Working directory:  /tmp/tmp74gyk7fr
Code:
 int i = static_cast<int>(0);
-----------
Command line: `c++ /tmp/tmp74gyk7fr/testfile.cpp -o /tmp/tmp74gyk7fr/output.obj -D_FILE_OFFSET_BITS=64 -c -std=c++17` -> 0
Compiler accepts -std=c++17: YES
Using cached compile:
Cached command line:  c++ /home/pi/camera_ws/build/libcamera/meson-private/tmpeoq0mv55/testfile.cpp -E -P -D_FILE_OFFSET_BITS=64 -P -O0 -fpermissive -std=c++17 

Code:
 
        #ifdef __has_include
         #if !__has_include("libyuv.h")
          #error "Header 'libyuv.h' could not be found"
         #endif
        #else
         #include <libyuv.h>
        #endif
Cached compiler stdout:
 
Cached compiler stderr:
 /home/pi/camera_ws/build/libcamera/meson-private/tmpeoq0mv55/testfile.cpp:4:12: error: #error "Header 'libyuv.h' could not be found"
    4 |           #error "Header 'libyuv.h' could not be found"
      |            ^~~~~

Has header "libyuv.h" : NO (cached)
Running compile:
Working directory:  /home/pi/camera_ws/build/libcamera/meson-private/tmpe2f5ewwz
Code:
 int main(void) { return 0; }

-----------
Command line: `cc /home/pi/camera_ws/build/libcamera/meson-private/tmpe2f5ewwz/testfile.c -o /home/pi/camera_ws/build/libcamera/meson-private/tmpe2f5ewwz/output.exe -D_FILE_OFFSET_BITS=64 -O0 -Wl,--start-group -latomic -Wl,--end-group -Wl,--allow-shlib-undefined` -> 0
Library atomic found: YES
Dependency threads found: YES unknown (cached)
Dependency libdw found: YES 0.190 (cached)
Dependency libunwind found: YES 1.6.2 (cached)
Using cached compile:
Cached command line:  cc /home/pi/camera_ws/build/libcamera/meson-private/tmp0pqzp0da/testfile.c -o /home/pi/camera_ws/build/libcamera/meson-private/tmp0pqzp0da/output.obj -c -D_FILE_OFFSET_BITS=64 -O0 

Code:
 
        #include <execinfo.h>
        int main(void) {
            /* If it's not defined as a macro, try to use as a symbol */
            #ifndef backtrace
                backtrace;
            #endif
            return 0;
        }
Cached compiler stdout:
 
Cached compiler stderr:
 
Header "execinfo.h" has symbol "backtrace" : YES (cached)
Running compile:
Working directory:  /home/pi/camera_ws/build/libcamera/meson-private/tmp70k74cq5
Code:
 int main(void) { return 0; }

-----------
Command line: `cc /home/pi/camera_ws/build/libcamera/meson-private/tmp70k74cq5/testfile.c -o /home/pi/camera_ws/build/libcamera/meson-private/tmp70k74cq5/output.exe -D_FILE_OFFSET_BITS=64 -O0 -Wl,--start-group -lrt -Wl,--end-group -Wl,--allow-shlib-undefined` -> 0
Library rt found: YES
Dependency libpisp found: YES 1.2.0 (cached)
Using cached compile:
Cached command line:  cc /home/pi/camera_ws/build/libcamera/meson-private/tmp5husl0dd/testfile.c -o /home/pi/camera_ws/build/libcamera/meson-private/tmp5husl0dd/output.exe -D_FILE_OFFSET_BITS=64 -O0 

Code:
 
        #define dlopen meson_disable_define_of_dlopen
        
        #include <limits.h>
        #undef dlopen
        
        #ifdef __cplusplus
        extern "C"
        #endif
        char dlopen (void);
        
        #if defined __stub_dlopen || defined __stub___dlopen
        fail fail fail this function is not going to work
        #endif
        
        int main(void) {
          return dlopen ();
        }
Cached compiler stdout:
 
Cached compiler stderr:
 
Checking for function "dlopen" : YES (cached)
Dependency libudev found: YES 255 (cached)
Dependency yaml-0.1 found: YES 0.2.5 (cached)
Determining dependency 'gnutls' with pkg-config executable '/usr/bin/pkg-config'
env[PKG_CONFIG_PATH]: 
env[PKG_CONFIG]: /usr/bin/pkg-config
-----------
Called: `/usr/bin/pkg-config --modversion gnutls` -> 1
stderr:
Package gnutls was not found in the pkg-config search path.
Perhaps you should add the directory containing `gnutls.pc'
to the PKG_CONFIG_PATH environment variable
Package 'gnutls', required by 'virtual:world', not found
-----------
CMake binary for host machine is cached.

Determining dependency 'gnutls' with CMake executable '/usr/bin/cmake'
Try CMake generator: auto
Calling CMake (['/usr/bin/cmake']) in /home/pi/camera_ws/build/libcamera/meson-private/cmake_gnutls with:
  - "-DNAME=gnutls"
  - "-DARCHS=aarch64-linux-gnu"
  - "-DVERSION="
  - "-DCOMPS="
  - "-DSTATIC=OFF"
  - "--trace-expand"
  - "--trace-format=json-v1"
  - "--no-warn-unused-cli"
  - "--trace-redirect=cmake_trace.txt"
  - "-DCMAKE_TOOLCHAIN_FILE=/home/pi/camera_ws/build/libcamera/meson-private/cmake_gnutls/CMakeMesonToolchainFile.cmake"
  - "."
  - "-DCMAKE_PREFIX_PATH=/opt/ros/jazzy/opt/gz_math_vendor;/opt/ros/jazzy/opt/gz_utils_vendor;/opt/ros/jazzy/opt/gz_cmake_vendor"
Run-time dependency gnutls found: NO (tried pkgconfig and cmake)
Dependency libcrypto found: YES 3.0.13 (cached)
Dependency libexif skipped: feature android disabled
Dependency libjpeg skipped: feature android disabled
Dependency libevent_pthreads found: YES 2.1.12-stable (cached)
Dependency libtiff-4 found: YES 4.5.1 (cached)
Dependency gtest found: YES 1.14.0 (cached)
Dependency libdrm found: YES 2.4.122 (cached)
Dependency libjpeg found: YES 2.1.5 (cached)
Dependency SDL2 found: YES 2.30.0 (cached)
Determining dependency 'Qt6Core' with pkg-config executable '/usr/bin/pkg-config'
env[PKG_CONFIG_PATH]: 
env[PKG_CONFIG]: /usr/bin/pkg-config
-----------
Called: `/usr/bin/pkg-config --modversion Qt6Core` -> 1
stderr:
Package Qt6Core was not found in the pkg-config search path.
Perhaps you should add the directory containing `Qt6Core.pc'
to the PKG_CONFIG_PATH environment variable
Package 'Qt6Core', required by 'virtual:world', not found
-----------
detected Qt6 None pkg-config dependency does not have proper tools support, ignoring
Run-time dependency qt6 (modules: Core, Gui, OpenGL, OpenGLWidgets, Widgets) found: NO (tried pkgconfig)
Dependency glib-2.0 found: YES 2.80.0 (cached)
Dependency gstreamer-video-1.0 found: YES 1.24.2 (cached)
Dependency gstreamer-allocators-1.0 found: YES 1.24.2 (cached)
Dependency python3 found: YES 3.12 (cached)
Dependency pybind11 found: YES 2.11.1 (cached)
Running command: /usr/bin/ln -fsrT /home/pi/camera_ws/src/libcamera/src/py/libcamera/__init__.py /home/pi/camera_ws/build/libcamera/src/py/libcamera/__init__.py
--- stdout ---

--- stderr ---


Running command: /usr/bin/ln -fsrT /home/pi/camera_ws/src/libcamera/src/py/libcamera/utils /home/pi/camera_ws/build/libcamera/src/py/libcamera/utils
--- stdout ---

--- stderr ---


Configuring libcamerify using configuration
Program doxygen found: NO
Program dot found: YES (/usr/bin/dot)
Program sphinx-build-3 sphinx-build found: NO
Running command: /usr/bin/uname -r
--- stdout ---
6.8.0-1032-raspi

--- stderr ---


Running command: /usr/bin/ln -fsT /home/pi/camera_ws/src/libcamera /home/pi/camera_ws/build/libcamera/source
--- stdout ---

--- stderr ---


Configuring config.h using configuration
Program python3 (jinja2, yaml, jinja2, ply) found: YES (/usr/bin/python3) modules: jinja2, yaml, jinja2, ply
Build targets in project: 78

libcamera 0.5.1

  Versions
    Sources                  : 0.5.1+100-e53bdf1f

  Paths
    LIBCAMERA_DATA_DIR       : "/home/pi/camera_ws/install/libcamera/share/libcamera"
    LIBCAMERA_SYSCONF_DIR    : "/home/pi/camera_ws/install/libcamera/etc/libcamera"
    IPA_PROXY_DIR            : "/home/pi/camera_ws/install/libcamera/libexec/libcamera"
    IPA_CONFIG_DIR           : "/home/pi/camera_ws/install/libcamera/etc/libcamera/ipa:/home/pi/camera_ws/install/libcamera/share/libcamera/ipa"
    IPA_MODULE_DIR           : "/home/pi/camera_ws/install/libcamera/lib/libcamera/ipa"

  Configuration
    SoftISP support          : true
    IPA modules signed with  : libcrypto
    Enabled pipelines        : imx8-isi
                               mali-c55
                               rkisp1
                               rpi/pisp
                               rpi/vc4
                               simple
                               uvcvideo
    Enabled IPA modules      : mali-c55
                               rkisp1
                               rpi/pisp
                               rpi/vc4
                               simple
    Controls files           : control_ids_core.yaml
                               control_ids_debug.yaml
                               control_ids_draft.yaml
                               control_ids_rpi.yaml
    Properties files         : property_ids_draft.yaml
                               property_ids_core.yaml
    Hotplug support          : YES
    Tracing support          : YES
    Android support          : NO
    GStreamer support        : YES
    Python bindings          : YES
    V4L2 emulation support   : YES
    cam application          : YES
    qcam application         : NO
    lc-compliance application: YES
    Unit tests               : NO

  User defined options
    buildtype                : release
    libdir                   : lib
    prefix                   : /home/pi/camera_ws/install/libcamera

Found ninja-1.11.1 at /usr/bin/ninja
Running compile:
Working directory:  /home/pi/camera_ws/build/libcamera/meson-private/tmpwges3u3z
Code:
 
-----------
Command line: `cc /home/pi/camera_ws/build/libcamera/meson-private/tmpwges3u3z/testfile.c -o /home/pi/camera_ws/build/libcamera/meson-private/tmpwges3u3z/output.obj -c -D_FILE_OFFSET_BITS=64 -O0 --print-search-dirs` -> 0
stdout:
install: /usr/lib/gcc/aarch64-linux-gnu/13/
programs: =/usr/libexec/gcc/aarch64-linux-gnu/13/:/usr/libexec/gcc/aarch64-linux-gnu/13/:/usr/libexec/gcc/aarch64-linux-gnu/:/usr/lib/gcc/aarch64-linux-gnu/13/:/usr/lib/gcc/aarch64-linux-gnu/:/usr/lib/gcc/aarch64-linux-gnu/13/../../../../aarch64-linux-gnu/bin/aarch64-linux-gnu/13/:/usr/lib/gcc/aarch64-linux-gnu/13/../../../../aarch64-linux-gnu/bin/aarch64-linux-gnu/:/usr/lib/gcc/aarch64-linux-gnu/13/../../../../aarch64-linux-gnu/bin/
libraries: =/usr/lib/gcc/aarch64-linux-gnu/13/:/usr/lib/gcc/aarch64-linux-gnu/13/../../../../aarch64-linux-gnu/lib/aarch64-linux-gnu/13/:/usr/lib/gcc/aarch64-linux-gnu/13/../../../../aarch64-linux-gnu/lib/aarch64-linux-gnu/:/usr/lib/gcc/aarch64-linux-gnu/13/../../../../aarch64-linux-gnu/lib/../lib/:/usr/lib/gcc/aarch64-linux-gnu/13/../../../aarch64-linux-gnu/13/:/usr/lib/gcc/aarch64-linux-gnu/13/../../../aarch64-linux-gnu/:/usr/lib/gcc/aarch64-linux-gnu/13/../../../../lib/:/lib/aarch64-linux-gnu/13/:/lib/aarch64-linux-gnu/:/lib/../lib/:/usr/lib/aarch64-linux-gnu/13/:/usr/lib/aarch64-linux-gnu/:/usr/lib/../lib/:/usr/lib/gcc/aarch64-linux-gnu/13/../../../../aarch64-linux-gnu/lib/:/usr/lib/gcc/aarch64-linux-gnu/13/../../../:/lib/:/usr/lib/
-----------
Running compile:
Working directory:  /home/pi/camera_ws/build/libcamera/meson-private/tmpx2ppeezz
Code:
 
-----------
Command line: `c++ /home/pi/camera_ws/build/libcamera/meson-private/tmpx2ppeezz/testfile.cpp -o /home/pi/camera_ws/build/libcamera/meson-private/tmpx2ppeezz/output.obj -c -D_FILE_OFFSET_BITS=64 -O0 -fpermissive --print-search-dirs` -> 0
stdout:
install: /usr/lib/gcc/aarch64-linux-gnu/13/
programs: =/usr/libexec/gcc/aarch64-linux-gnu/13/:/usr/libexec/gcc/aarch64-linux-gnu/13/:/usr/libexec/gcc/aarch64-linux-gnu/:/usr/lib/gcc/aarch64-linux-gnu/13/:/usr/lib/gcc/aarch64-linux-gnu/:/usr/lib/gcc/aarch64-linux-gnu/13/../../../../aarch64-linux-gnu/bin/aarch64-linux-gnu/13/:/usr/lib/gcc/aarch64-linux-gnu/13/../../../../aarch64-linux-gnu/bin/aarch64-linux-gnu/:/usr/lib/gcc/aarch64-linux-gnu/13/../../../../aarch64-linux-gnu/bin/
libraries: =/usr/lib/gcc/aarch64-linux-gnu/13/:/usr/lib/gcc/aarch64-linux-gnu/13/../../../../aarch64-linux-gnu/lib/aarch64-linux-gnu/13/:/usr/lib/gcc/aarch64-linux-gnu/13/../../../../aarch64-linux-gnu/lib/aarch64-linux-gnu/:/usr/lib/gcc/aarch64-linux-gnu/13/../../../../aarch64-linux-gnu/lib/../lib/:/usr/lib/gcc/aarch64-linux-gnu/13/../../../aarch64-linux-gnu/13/:/usr/lib/gcc/aarch64-linux-gnu/13/../../../aarch64-linux-gnu/:/usr/lib/gcc/aarch64-linux-gnu/13/../../../../lib/:/lib/aarch64-linux-gnu/13/:/lib/aarch64-linux-gnu/:/lib/../lib/:/usr/lib/aarch64-linux-gnu/13/:/usr/lib/aarch64-linux-gnu/:/usr/lib/../lib/:/usr/lib/gcc/aarch64-linux-gnu/13/../../../../aarch64-linux-gnu/lib/:/usr/lib/gcc/aarch64-linux-gnu/13/../../../:/lib/:/usr/lib/
-----------
Failed to guess install tag for /home/pi/camera_ws/install/libcamera/share/libcamera/pipeline/rpi/pisp/example.yaml
Failed to guess install tag for /home/pi/camera_ws/install/libcamera/share/libcamera/ipa/mali-c55/imx415.yaml
Failed to guess install tag for /home/pi/camera_ws/install/libcamera/share/libcamera/ipa/mali-c55/uncalibrated.yaml
Failed to guess install tag for /home/pi/camera_ws/install/libcamera/share/libcamera/ipa/rpi/pisp/imx219.json
Failed to guess install tag for /home/pi/camera_ws/install/libcamera/share/libcamera/ipa/rpi/pisp/imx219_noir.json
Failed to guess install tag for /home/pi/camera_ws/install/libcamera/share/libcamera/ipa/rpi/pisp/imx283.json
Failed to guess install tag for /home/pi/camera_ws/install/libcamera/share/libcamera/ipa/rpi/pisp/imx290.json
Failed to guess install tag for /home/pi/camera_ws/install/libcamera/share/libcamera/ipa/rpi/pisp/imx296.json
Failed to guess install tag for /home/pi/camera_ws/install/libcamera/share/libcamera/ipa/rpi/pisp/imx296_mono.json
Failed to guess install tag for /home/pi/camera_ws/install/libcamera/share/libcamera/ipa/rpi/pisp/imx378.json
Failed to guess install tag for /home/pi/camera_ws/install/libcamera/share/libcamera/ipa/rpi/pisp/imx415.json
Failed to guess install tag for /home/pi/camera_ws/install/libcamera/share/libcamera/ipa/rpi/pisp/imx462.json
Failed to guess install tag for /home/pi/camera_ws/install/libcamera/share/libcamera/ipa/rpi/pisp/imx477.json
Failed to guess install tag for /home/pi/camera_ws/install/libcamera/share/libcamera/ipa/rpi/pisp/imx477_noir.json
Failed to guess install tag for /home/pi/camera_ws/install/libcamera/share/libcamera/ipa/rpi/pisp/imx477_scientific.json
Failed to guess install tag for /home/pi/camera_ws/install/libcamera/share/libcamera/ipa/rpi/pisp/imx500.json
Failed to guess install tag for /home/pi/camera_ws/install/libcamera/share/libcamera/ipa/rpi/pisp/imx519.json
Failed to guess install tag for /home/pi/camera_ws/install/libcamera/share/libcamera/ipa/rpi/pisp/imx708.json
Failed to guess install tag for /home/pi/camera_ws/install/libcamera/share/libcamera/ipa/rpi/pisp/imx708_noir.json
Failed to guess install tag for /home/pi/camera_ws/install/libcamera/share/libcamera/ipa/rpi/pisp/imx708_wide.json
Failed to guess install tag for /home/pi/camera_ws/install/libcamera/share/libcamera/ipa/rpi/pisp/imx708_wide_noir.json
Failed to guess install tag for /home/pi/camera_ws/install/libcamera/share/libcamera/ipa/rpi/pisp/ov5647.json
Failed to guess install tag for /home/pi/camera_ws/install/libcamera/share/libcamera/ipa/rpi/pisp/ov5647_noir.json
Failed to guess install tag for /home/pi/camera_ws/install/libcamera/share/libcamera/ipa/rpi/pisp/ov64a40.json
Failed to guess install tag for /home/pi/camera_ws/install/libcamera/share/libcamera/ipa/rpi/pisp/ov9281_mono.json
Failed to guess install tag for /home/pi/camera_ws/install/libcamera/share/libcamera/ipa/rpi/pisp/se327m12.json
Failed to guess install tag for /home/pi/camera_ws/install/libcamera/share/libcamera/ipa/rpi/pisp/uncalibrated.json
Failed to guess install tag for /home/pi/camera_ws/install/libcamera/share/libcamera/pipeline/rpi/pisp/example.yaml
Failed to guess install tag for /home/pi/camera_ws/install/libcamera/share/libcamera/ipa/mali-c55/imx415.yaml
Failed to guess install tag for /home/pi/camera_ws/install/libcamera/share/libcamera/ipa/mali-c55/uncalibrated.yaml
Failed to guess install tag for /home/pi/camera_ws/install/libcamera/share/libcamera/ipa/rpi/pisp/imx219.json
Failed to guess install tag for /home/pi/camera_ws/install/libcamera/share/libcamera/ipa/rpi/pisp/imx219_noir.json
Failed to guess install tag for /home/pi/camera_ws/install/libcamera/share/libcamera/ipa/rpi/pisp/imx283.json
Failed to guess install tag for /home/pi/camera_ws/install/libcamera/share/libcamera/ipa/rpi/pisp/imx290.json
Failed to guess install tag for /home/pi/camera_ws/install/libcamera/share/libcamera/ipa/rpi/pisp/imx296.json
Failed to guess install tag for /home/pi/camera_ws/install/libcamera/share/libcamera/ipa/rpi/pisp/imx296_mono.json
Failed to guess install tag for /home/pi/camera_ws/install/libcamera/share/libcamera/ipa/rpi/pisp/imx378.json
Failed to guess install tag for /home/pi/camera_ws/install/libcamera/share/libcamera/ipa/rpi/pisp/imx415.json
Failed to guess install tag for /home/pi/camera_ws/install/libcamera/share/libcamera/ipa/rpi/pisp/imx462.json
Failed to guess install tag for /home/pi/camera_ws/install/libcamera/share/libcamera/ipa/rpi/pisp/imx477.json
Failed to guess install tag for /home/pi/camera_ws/install/libcamera/share/libcamera/ipa/rpi/pisp/imx477_noir.json
Failed to guess install tag for /home/pi/camera_ws/install/libcamera/share/libcamera/ipa/rpi/pisp/imx477_scientific.json
Failed to guess install tag for /home/pi/camera_ws/install/libcamera/share/libcamera/ipa/rpi/pisp/imx500.json
Failed to guess install tag for /home/pi/camera_ws/install/libcamera/share/libcamera/ipa/rpi/pisp/imx519.json
Failed to guess install tag for /home/pi/camera_ws/install/libcamera/share/libcamera/ipa/rpi/pisp/imx708.json
Failed to guess install tag for /home/pi/camera_ws/install/libcamera/share/libcamera/ipa/rpi/pisp/imx708_noir.json
Failed to guess install tag for /home/pi/camera_ws/install/libcamera/share/libcamera/ipa/rpi/pisp/imx708_wide.json
Failed to guess install tag for /home/pi/camera_ws/install/libcamera/share/libcamera/ipa/rpi/pisp/imx708_wide_noir.json
Failed to guess install tag for /home/pi/camera_ws/install/libcamera/share/libcamera/ipa/rpi/pisp/ov5647.json
Failed to guess install tag for /home/pi/camera_ws/install/libcamera/share/libcamera/ipa/rpi/pisp/ov5647_noir.json
Failed to guess install tag for /home/pi/camera_ws/install/libcamera/share/libcamera/ipa/rpi/pisp/ov64a40.json
Failed to guess install tag for /home/pi/camera_ws/install/libcamera/share/libcamera/ipa/rpi/pisp/ov9281_mono.json
Failed to guess install tag for /home/pi/camera_ws/install/libcamera/share/libcamera/ipa/rpi/pisp/se327m12.json
Failed to guess install tag for /home/pi/camera_ws/install/libcamera/share/libcamera/ipa/rpi/pisp/uncalibrated.json
